0 verbose cli /opt/homebrew/Cellar/node/24.1.0/bin/node /opt/homebrew/bin/npm
1 info using npm@11.4.1
2 info using node@v24.1.0
3 silly config load:file:/opt/homebrew/lib/node_modules/npm/npmrc
4 silly config load:file:/Users/srinivasch/Downloads/code-test-main/frontend/frontend_quickmark_admin/.npmrc
5 silly config load:file:/Users/srinivasch/.npmrc
6 silly config load:file:/opt/homebrew/etc/npmrc
7 verbose title npm install react-icons
8 verbose argv "install" "react-icons"
9 verbose logfile logs-max:10 dir:/Users/srinivasch/.npm/_logs/2025-06-17T09_04_23_439Z-
10 verbose logfile /Users/srinivasch/.npm/_logs/2025-06-17T09_04_23_439Z-debug-0.log
11 silly logfile start cleaning logs, removing 1 files
12 silly packumentCache heap:2348810240 maxSize:587202560 maxEntrySize:293601280
13 silly logfile done cleaning log files
14 silly idealTree buildDeps
15 silly fetch manifest react-icons@*
16 silly packumentCache full:https://registry.npmjs.org/react-icons cache-miss
17 http fetch GET 200 https://registry.npmjs.org/react-icons 205ms (cache miss)
18 silly packumentCache full:https://registry.npmjs.org/react-icons set size:undefined disposed:false
19 silly fetch manifest react@^18.2.0
20 silly packumentCache full:https://registry.npmjs.org/react cache-miss
21 http fetch GET 200 https://registry.npmjs.org/react 151ms (cache miss)
22 silly packumentCache full:https://registry.npmjs.org/react set size:undefined disposed:false
23 silly placeDep ROOT react-icons@5.5.0 OK for: quickmark-admin@0.0.0 want: *
24 silly reify moves {}
25 silly audit bulk request {
25 silly audit   '@alloc/quick-lru': [ '5.2.0' ],
25 silly audit   '@ampproject/remapping': [ '2.3.0' ],
25 silly audit   '@babel/code-frame': [ '7.27.1' ],
25 silly audit   '@babel/compat-data': [ '7.27.5' ],
25 silly audit   '@babel/core': [ '7.27.4' ],
25 silly audit   '@babel/generator': [ '7.27.5' ],
25 silly audit   '@babel/helper-compilation-targets': [ '7.27.2' ],
25 silly audit   '@babel/helper-module-imports': [ '7.27.1' ],
25 silly audit   '@babel/helper-module-transforms': [ '7.27.3' ],
25 silly audit   '@babel/helper-plugin-utils': [ '7.27.1' ],
25 silly audit   '@babel/helper-string-parser': [ '7.27.1' ],
25 silly audit   '@babel/helper-validator-identifier': [ '7.27.1' ],
25 silly audit   '@babel/helper-validator-option': [ '7.27.1' ],
25 silly audit   '@babel/helpers': [ '7.27.6' ],
25 silly audit   '@babel/parser': [ '7.27.5' ],
25 silly audit   '@babel/plugin-transform-react-jsx-self': [ '7.27.1' ],
25 silly audit   '@babel/plugin-transform-react-jsx-source': [ '7.27.1' ],
25 silly audit   '@babel/template': [ '7.27.2' ],
25 silly audit   '@babel/traverse': [ '7.27.4' ],
25 silly audit   globals: [ '11.12.0', '13.24.0' ],
25 silly audit   '@babel/types': [ '7.27.6' ],
25 silly audit   '@esbuild/android-arm': [ '0.18.20' ],
25 silly audit   '@esbuild/android-arm64': [ '0.18.20' ],
25 silly audit   '@esbuild/android-x64': [ '0.18.20' ],
25 silly audit   '@esbuild/darwin-arm64': [ '0.18.20' ],
25 silly audit   '@esbuild/darwin-x64': [ '0.18.20' ],
25 silly audit   '@esbuild/freebsd-arm64': [ '0.18.20' ],
25 silly audit   '@esbuild/freebsd-x64': [ '0.18.20' ],
25 silly audit   '@esbuild/linux-arm': [ '0.18.20' ],
25 silly audit   '@esbuild/linux-arm64': [ '0.18.20' ],
25 silly audit   '@esbuild/linux-ia32': [ '0.18.20' ],
25 silly audit   '@esbuild/linux-loong64': [ '0.18.20' ],
25 silly audit   '@esbuild/linux-mips64el': [ '0.18.20' ],
25 silly audit   '@esbuild/linux-ppc64': [ '0.18.20' ],
25 silly audit   '@esbuild/linux-riscv64': [ '0.18.20' ],
25 silly audit   '@esbuild/linux-s390x': [ '0.18.20' ],
25 silly audit   '@esbuild/linux-x64': [ '0.18.20' ],
25 silly audit   '@esbuild/netbsd-x64': [ '0.18.20' ],
25 silly audit   '@esbuild/openbsd-x64': [ '0.18.20' ],
25 silly audit   '@esbuild/sunos-x64': [ '0.18.20' ],
25 silly audit   '@esbuild/win32-arm64': [ '0.18.20' ],
25 silly audit   '@esbuild/win32-ia32': [ '0.18.20' ],
25 silly audit   '@esbuild/win32-x64': [ '0.18.20' ],
25 silly audit   '@eslint-community/eslint-utils': [ '4.7.0' ],
25 silly audit   '@eslint-community/regexpp': [ '4.12.1' ],
25 silly audit   '@eslint/eslintrc': [ '2.1.4' ],
25 silly audit   '@eslint/js': [ '8.57.1' ],
25 silly audit   '@humanwhocodes/config-array': [ '0.13.0' ],
25 silly audit   '@humanwhocodes/module-importer': [ '1.0.1' ],
25 silly audit   '@humanwhocodes/object-schema': [ '2.0.3' ],
25 silly audit   '@isaacs/cliui': [ '8.0.2' ],
25 silly audit   'ansi-regex': [ '6.1.0', '5.0.1' ],
25 silly audit   'strip-ansi': [ '7.1.0', '6.0.1' ],
25 silly audit   '@jridgewell/gen-mapping': [ '0.3.8' ],
25 silly audit   '@jridgewell/resolve-uri': [ '3.1.2' ],
25 silly audit   '@jridgewell/set-array': [ '1.2.1' ],
25 silly audit   '@jridgewell/sourcemap-codec': [ '1.5.0' ],
25 silly audit   '@jridgewell/trace-mapping': [ '0.3.25' ],
25 silly audit   '@nodelib/fs.scandir': [ '2.1.5' ],
25 silly audit   '@nodelib/fs.stat': [ '2.0.5' ],
25 silly audit   '@nodelib/fs.walk': [ '1.2.8' ],
25 silly audit   '@pkgjs/parseargs': [ '0.11.0' ],
25 silly audit   '@rolldown/pluginutils': [ '1.0.0-beta.11' ],
25 silly audit   '@types/babel__core': [ '7.20.5' ],
25 silly audit   '@types/babel__generator': [ '7.27.0' ],
25 silly audit   '@types/babel__template': [ '7.4.4' ],
25 silly audit   '@types/babel__traverse': [ '7.20.7' ],
25 silly audit   '@types/prop-types': [ '15.7.15' ],
25 silly audit   '@types/react': [ '18.3.23' ],
25 silly audit   '@types/react-dom': [ '18.3.7' ],
25 silly audit   '@ungap/structured-clone': [ '1.3.0' ],
25 silly audit   '@vitejs/plugin-react': [ '4.5.2' ],
25 silly audit   acorn: [ '8.15.0' ],
25 silly audit   'acorn-jsx': [ '5.3.2' ],
25 silly audit   ajv: [ '6.12.6' ],
25 silly audit   'ansi-styles': [ '4.3.0', '6.2.1' ],
25 silly audit   'any-promise': [ '1.3.0' ],
25 silly audit   anymatch: [ '3.1.3' ],
25 silly audit   arg: [ '5.0.2' ],
25 silly audit   argparse: [ '2.0.1' ],
25 silly audit   'array-buffer-byte-length': [ '1.0.2' ],
25 silly audit   'array-includes': [ '3.1.9' ],
25 silly audit   'array.prototype.findlast': [ '1.2.5' ],
25 silly audit   'array.prototype.flat': [ '1.3.3' ],
25 silly audit   'array.prototype.flatmap': [ '1.3.3' ],
25 silly audit   'array.prototype.tosorted': [ '1.1.4' ],
25 silly audit   'arraybuffer.prototype.slice': [ '1.0.4' ],
25 silly audit   'async-function': [ '1.0.0' ],
25 silly audit   asynckit: [ '0.4.0' ],
25 silly audit   autoprefixer: [ '10.4.21' ],
25 silly audit   'available-typed-arrays': [ '1.0.7' ],
25 silly audit   axios: [ '1.10.0' ],
25 silly audit   'balanced-match': [ '1.0.2' ],
25 silly audit   'binary-extensions': [ '2.3.0' ],
25 silly audit   'brace-expansion': [ '1.1.12', '2.0.2' ],
25 silly audit   braces: [ '3.0.3' ],
25 silly audit   browserslist: [ '4.25.0' ],
25 silly audit   'call-bind': [ '1.0.8' ],
25 silly audit   'call-bind-apply-helpers': [ '1.0.2' ],
25 silly audit   'call-bound': [ '1.0.4' ],
25 silly audit   callsites: [ '3.1.0' ],
25 silly audit   'camelcase-css': [ '2.0.1' ],
25 silly audit   'caniuse-lite': [ '1.0.30001723' ],
25 silly audit   chalk: [ '4.1.2' ],
25 silly audit   chokidar: [ '3.6.0' ],
25 silly audit   'glob-parent': [ '5.1.2', '6.0.2' ],
25 silly audit   'color-convert': [ '2.0.1' ],
25 silly audit   'color-name': [ '1.1.4' ],
25 silly audit   'combined-stream': [ '1.0.8' ],
25 silly audit   commander: [ '4.1.1' ],
25 silly audit   'concat-map': [ '0.0.1' ],
25 silly audit   'convert-source-map': [ '2.0.0' ],
25 silly audit   cookie: [ '1.0.2' ],
25 silly audit   'cross-spawn': [ '7.0.6' ],
25 silly audit   cssesc: [ '3.0.0' ],
25 silly audit   csstype: [ '3.1.3' ],
25 silly audit   'data-view-buffer': [ '1.0.2' ],
25 silly audit   'data-view-byte-length': [ '1.0.2' ],
25 silly audit   'data-view-byte-offset': [ '1.0.1' ],
25 silly audit   debug: [ '4.4.1' ],
25 silly audit   'deep-is': [ '0.1.4' ],
25 silly audit   'define-data-property': [ '1.1.4' ],
25 silly audit   'define-properties': [ '1.2.1' ],
25 silly audit   'delayed-stream': [ '1.0.0' ],
25 silly audit   didyoumean: [ '1.2.2' ],
25 silly audit   dlv: [ '1.1.3' ],
25 silly audit   doctrine: [ '3.0.0', '2.1.0' ],
25 silly audit   'dunder-proto': [ '1.0.1' ],
25 silly audit   eastasianwidth: [ '0.2.0' ],
25 silly audit   'electron-to-chromium': [ '1.5.167' ],
25 silly audit   'emoji-regex': [ '9.2.2', '8.0.0' ],
25 silly audit   'es-abstract': [ '1.24.0' ],
25 silly audit   'es-define-property': [ '1.0.1' ],
25 silly audit   'es-errors': [ '1.3.0' ],
25 silly audit   'es-iterator-helpers': [ '1.2.1' ],
25 silly audit   'es-object-atoms': [ '1.1.1' ],
25 silly audit   'es-set-tostringtag': [ '2.1.0' ],
25 silly audit   'es-shim-unscopables': [ '1.1.0' ],
25 silly audit   'es-to-primitive': [ '1.3.0' ],
25 silly audit   esbuild: [ '0.18.20' ],
25 silly audit   escalade: [ '3.2.0' ],
25 silly audit   'escape-string-regexp': [ '4.0.0' ],
25 silly audit   eslint: [ '8.57.1' ],
25 silly audit   'eslint-plugin-react': [ '7.37.5' ],
25 silly audit   'eslint-plugin-react-hooks': [ '4.6.2' ],
25 silly audit   'eslint-plugin-react-refresh': [ '0.4.20' ],
25 silly audit   'eslint-scope': [ '7.2.2' ],
25 silly audit   'eslint-visitor-keys': [ '3.4.3' ],
25 silly audit   espree: [ '9.6.1' ],
25 silly audit   esquery: [ '1.6.0' ],
25 silly audit   esrecurse: [ '4.3.0' ],
25 silly audit   estraverse: [ '5.3.0' ],
25 silly audit   esutils: [ '2.0.3' ],
25 silly audit   'fast-deep-equal': [ '3.1.3' ],
25 silly audit   'fast-glob': [ '3.3.3' ],
25 silly audit   'fast-json-stable-stringify': [ '2.1.0' ],
25 silly audit   'fast-levenshtein': [ '2.0.6' ],
25 silly audit   fastq: [ '1.19.1' ],
25 silly audit   'file-entry-cache': [ '6.0.1' ],
25 silly audit   'fill-range': [ '7.1.1' ],
25 silly audit   'find-up': [ '5.0.0' ],
25 silly audit   'flat-cache': [ '3.2.0' ],
25 silly audit   flatted: [ '3.3.3' ],
25 silly audit   'follow-redirects': [ '1.15.9' ],
25 silly audit   'for-each': [ '0.3.5' ],
25 silly audit   'foreground-child': [ '3.3.1' ],
25 silly audit   'form-data': [ '4.0.3' ],
25 silly audit   'fraction.js': [ '4.3.7' ],
25 silly audit   'fs.realpath': [ '1.0.0' ],
25 silly audit   fsevents: [ '2.3.3' ],
25 silly audit   'function-bind': [ '1.1.2' ],
25 silly audit   'function.prototype.name': [ '1.1.8' ],
25 silly audit   'functions-have-names': [ '1.2.3' ],
25 silly audit   gensync: [ '1.0.0-beta.2' ],
25 silly audit   'get-intrinsic': [ '1.3.0' ],
25 silly audit   'get-proto': [ '1.0.1' ],
25 silly audit   'get-symbol-description': [ '1.1.0' ],
25 silly audit   glob: [ '7.2.3', '10.4.5' ],
25 silly audit   globalthis: [ '1.0.4' ],
25 silly audit   gopd: [ '1.2.0' ],
25 silly audit   graphemer: [ '1.4.0' ],
25 silly audit   'has-bigints': [ '1.1.0' ],
25 silly audit   'has-flag': [ '4.0.0' ],
25 silly audit   'has-property-descriptors': [ '1.0.2' ],
25 silly audit   'has-proto': [ '1.2.0' ],
25 silly audit   'has-symbols': [ '1.1.0' ],
25 silly audit   'has-tostringtag': [ '1.0.2' ],
25 silly audit   hasown: [ '2.0.2' ],
25 silly audit   ignore: [ '5.3.2' ],
25 silly audit   'import-fresh': [ '3.3.1' ],
25 silly audit   imurmurhash: [ '0.1.4' ],
25 silly audit   inflight: [ '1.0.6' ],
25 silly audit   inherits: [ '2.0.4' ],
25 silly audit   'internal-slot': [ '1.1.0' ],
25 silly audit   'is-array-buffer': [ '3.0.5' ],
25 silly audit   'is-async-function': [ '2.1.1' ],
25 silly audit   'is-bigint': [ '1.1.0' ],
25 silly audit   'is-binary-path': [ '2.1.0' ],
25 silly audit   'is-boolean-object': [ '1.2.2' ],
25 silly audit   'is-callable': [ '1.2.7' ],
25 silly audit   'is-core-module': [ '2.16.1' ],
25 silly audit   'is-data-view': [ '1.0.2' ],
25 silly audit   'is-date-object': [ '1.1.0' ],
25 silly audit   'is-extglob': [ '2.1.1' ],
25 silly audit   'is-finalizationregistry': [ '1.1.1' ],
25 silly audit   'is-fullwidth-code-point': [ '3.0.0' ],
25 silly audit   'is-generator-function': [ '1.1.0' ],
25 silly audit   'is-glob': [ '4.0.3' ],
25 silly audit   'is-map': [ '2.0.3' ],
25 silly audit   'is-negative-zero': [ '2.0.3' ],
25 silly audit   'is-number': [ '7.0.0' ],
25 silly audit   'is-number-object': [ '1.1.1' ],
25 silly audit   'is-path-inside': [ '3.0.3' ],
25 silly audit   'is-regex': [ '1.2.1' ],
25 silly audit   'is-set': [ '2.0.3' ],
25 silly audit   'is-shared-array-buffer': [ '1.0.4' ],
25 silly audit   'is-string': [ '1.1.1' ],
25 silly audit   'is-symbol': [ '1.1.1' ],
25 silly audit   'is-typed-array': [ '1.1.15' ],
25 silly audit   'is-weakmap': [ '2.0.2' ],
25 silly audit   'is-weakref': [ '1.1.1' ],
25 silly audit   'is-weakset': [ '2.0.4' ],
25 silly audit   isarray: [ '2.0.5' ],
25 silly audit   isexe: [ '2.0.0' ],
25 silly audit   'iterator.prototype': [ '1.1.5' ],
25 silly audit   jackspeak: [ '3.4.3' ],
25 silly audit   jiti: [ '1.21.7' ],
25 silly audit   'js-tokens': [ '4.0.0' ],
25 silly audit   'js-yaml': [ '4.1.0' ],
25 silly audit   jsesc: [ '3.1.0' ],
25 silly audit   'json-buffer': [ '3.0.1' ],
25 silly audit   'json-schema-traverse': [ '0.4.1' ],
25 silly audit   'json-stable-stringify-without-jsonify': [ '1.0.1' ],
25 silly audit   json5: [ '2.2.3' ],
25 silly audit   'jsx-ast-utils': [ '3.3.5' ],
25 silly audit   keyv: [ '4.5.4' ],
25 silly audit   levn: [ '0.4.1' ],
25 silly audit   lilconfig: [ '3.1.3' ],
25 silly audit   'lines-and-columns': [ '1.2.4' ],
25 silly audit   'locate-path': [ '6.0.0' ],
25 silly audit   'lodash.merge': [ '4.6.2' ],
25 silly audit   'loose-envify': [ '1.4.0' ],
25 silly audit   'lru-cache': [ '5.1.1', '10.4.3' ],
25 silly audit   'lucide-react': [ '0.515.0' ],
25 silly audit   'math-intrinsics': [ '1.1.0' ],
25 silly audit   merge2: [ '1.4.1' ],
25 silly audit   micromatch: [ '4.0.8' ],
25 silly audit   'mime-db': [ '1.52.0' ],
25 silly audit   'mime-types': [ '2.1.35' ],
25 silly audit   minimatch: [ '3.1.2', '9.0.5' ],
25 silly audit   minipass: [ '7.1.2' ],
25 silly audit   ms: [ '2.1.3' ],
25 silly audit   mz: [ '2.7.0' ],
25 silly audit   nanoid: [ '3.3.11' ],
25 silly audit   'natural-compare': [ '1.4.0' ],
25 silly audit   'node-releases': [ '2.0.19' ],
25 silly audit   'normalize-path': [ '3.0.0' ],
25 silly audit   'normalize-range': [ '0.1.2' ],
25 silly audit   'object-assign': [ '4.1.1' ],
25 silly audit   'object-hash': [ '3.0.0' ],
25 silly audit   'object-inspect': [ '1.13.4' ],
25 silly audit   'object-keys': [ '1.1.1' ],
25 silly audit   'object.assign': [ '4.1.7' ],
25 silly audit   'object.entries': [ '1.1.9' ],
25 silly audit   'object.fromentries': [ '2.0.8' ],
25 silly audit   'object.values': [ '1.2.1' ],
25 silly audit   once: [ '1.4.0' ],
25 silly audit   optionator: [ '0.9.4' ],
25 silly audit   'own-keys': [ '1.0.1' ],
25 silly audit   'p-limit': [ '3.1.0' ],
25 silly audit   'p-locate': [ '5.0.0' ],
25 silly audit   'package-json-from-dist': [ '1.0.1' ],
25 silly audit   'parent-module': [ '1.0.1' ],
25 silly audit   'path-exists': [ '4.0.0' ],
25 silly audit   'path-is-absolute': [ '1.0.1' ],
25 silly audit   'path-key': [ '3.1.1' ],
25 silly audit   'path-parse': [ '1.0.7' ],
25 silly audit   'path-scurry': [ '1.11.1' ],
25 silly audit   picocolors: [ '1.1.1' ],
25 silly audit   picomatch: [ '2.3.1' ],
25 silly audit   pify: [ '2.3.0' ],
25 silly audit   pirates: [ '4.0.7' ],
25 silly audit   'possible-typed-array-names': [ '1.1.0' ],
25 silly audit   postcss: [ '8.5.5' ],
25 silly audit   'postcss-import': [ '15.1.0' ],
25 silly audit   resolve: [ '1.22.10', '2.0.0-next.5' ],
25 silly audit   'postcss-js': [ '4.0.1' ],
25 silly audit   'postcss-load-config': [ '4.0.2' ],
25 silly audit   'postcss-nested': [ '6.2.0' ],
25 silly audit   'postcss-selector-parser': [ '6.1.2' ],
25 silly audit   'postcss-value-parser': [ '4.2.0' ],
25 silly audit   'prelude-ls': [ '1.2.1' ],
25 silly audit   'prop-types': [ '15.8.1' ],
25 silly audit   'proxy-from-env': [ '1.1.0' ],
25 silly audit   punycode: [ '2.3.1' ],
25 silly audit   'queue-microtask': [ '1.2.3' ],
25 silly audit   react: [ '18.3.1' ],
25 silly audit   'react-dom': [ '18.3.1' ],
25 silly audit   'react-is': [ '16.13.1' ],
25 silly audit   'react-refresh': [ '0.17.0' ],
25 silly audit   'react-router': [ '7.6.2' ],
25 silly audit   'react-router-dom': [ '7.6.2' ],
25 silly audit   'read-cache': [ '1.0.0' ],
25 silly audit   readdirp: [ '3.6.0' ],
25 silly audit   'reflect.getprototypeof': [ '1.0.10' ],
25 silly audit   'regexp.prototype.flags': [ '1.5.4' ],
25 silly audit   'resolve-from': [ '4.0.0' ],
25 silly audit   reusify: [ '1.1.0' ],
25 silly audit   rimraf: [ '3.0.2' ],
25 silly audit   rollup: [ '3.29.5' ],
25 silly audit   'run-parallel': [ '1.2.0' ],
25 silly audit   'safe-array-concat': [ '1.1.3' ],
25 silly audit   'safe-push-apply': [ '1.0.0' ],
25 silly audit   'safe-regex-test': [ '1.1.0' ],
25 silly audit   scheduler: [ '0.23.2' ],
25 silly audit   semver: [ '6.3.1' ],
25 silly audit   'set-cookie-parser': [ '2.7.1' ],
25 silly audit   'set-function-length': [ '1.2.2' ],
25 silly audit   'set-function-name': [ '2.0.2' ],
25 silly audit   'set-proto': [ '1.0.0' ],
25 silly audit   'shebang-command': [ '2.0.0' ],
25 silly audit   'shebang-regex': [ '3.0.0' ],
25 silly audit   'side-channel': [ '1.1.0' ],
25 silly audit   'side-channel-list': [ '1.0.0' ],
25 silly audit   'side-channel-map': [ '1.0.1' ],
25 silly audit   'side-channel-weakmap': [ '1.0.2' ],
25 silly audit   'signal-exit': [ '4.1.0' ],
25 silly audit   'source-map-js': [ '1.2.1' ],
25 silly audit   'stop-iteration-iterator': [ '1.1.0' ],
25 silly audit   'string-width': [ '5.1.2', '4.2.3' ],
25 silly audit   'string.prototype.matchall': [ '4.0.12' ],
25 silly audit   'string.prototype.repeat': [ '1.0.0' ],
25 silly audit   'string.prototype.trim': [ '1.2.10' ],
25 silly audit   'string.prototype.trimend': [ '1.0.9' ],
25 silly audit   'string.prototype.trimstart': [ '1.0.8' ],
25 silly audit   'strip-json-comments': [ '3.1.1' ],
25 silly audit   sucrase: [ '3.35.0' ],
25 silly audit   'supports-color': [ '7.2.0' ],
25 silly audit   'supports-preserve-symlinks-flag': [ '1.0.0' ],
25 silly audit   tailwindcss: [ '3.4.17' ],
25 silly audit   'text-table': [ '0.2.0' ],
25 silly audit   thenify: [ '3.3.1' ],
25 silly audit   'thenify-all': [ '1.6.0' ],
25 silly audit   'to-regex-range': [ '5.0.1' ],
25 silly audit   'ts-interface-checker': [ '0.1.13' ],
25 silly audit   'type-check': [ '0.4.0' ],
25 silly audit   'type-fest': [ '0.20.2' ],
25 silly audit   'typed-array-buffer': [ '1.0.3' ],
25 silly audit   'typed-array-byte-length': [ '1.0.3' ],
25 silly audit   'typed-array-byte-offset': [ '1.0.4' ],
25 silly audit   'typed-array-length': [ '1.0.7' ],
25 silly audit   'unbox-primitive': [ '1.1.0' ],
25 silly audit   'update-browserslist-db': [ '1.1.3' ],
25 silly audit   'uri-js': [ '4.4.1' ],
25 silly audit   'util-deprecate': [ '1.0.2' ],
25 silly audit   vite: [ '4.5.14' ],
25 silly audit   which: [ '2.0.2' ],
25 silly audit   'which-boxed-primitive': [ '1.1.1' ],
25 silly audit   'which-builtin-type': [ '1.2.1' ],
25 silly audit   'which-collection': [ '1.0.2' ],
25 silly audit   'which-typed-array': [ '1.1.19' ],
25 silly audit   'word-wrap': [ '1.2.5' ],
25 silly audit   'wrap-ansi': [ '8.1.0', '7.0.0' ],
25 silly audit   wrappy: [ '1.0.2' ],
25 silly audit   yallist: [ '3.1.1' ],
25 silly audit   yaml: [ '2.8.0' ],
25 silly audit   'yocto-queue': [ '0.1.0' ],
25 silly audit   'react-icons': [ '5.5.0' ]
25 silly audit }
26 http cache react-icons@https://registry.npmjs.org/react-icons/-/react-icons-5.5.0.tgz 0ms (cache hit)
27 silly tarball no local data for react-icons@https://registry.npmjs.org/react-icons/-/react-icons-5.5.0.tgz. Extracting by manifest.
28 http fetch POST 200 https://registry.npmjs.org/-/npm/v1/security/advisories/bulk 371ms
29 silly audit report {
29 silly audit report   esbuild: [
29 silly audit report     {
29 silly audit report       id: 1102341,
29 silly audit report       url: 'https://github.com/advisories/GHSA-67mh-4wv8-2f99',
29 silly audit report       title: 'esbuild enables any website to send any requests to the development server and read the response',
29 silly audit report       severity: 'moderate',
29 silly audit report       vulnerable_versions: '<=0.24.2',
29 silly audit report       cwe: [Array],
29 silly audit report       cvss: [Object]
29 silly audit report     }
29 silly audit report   ]
29 silly audit report }
30 silly packumentCache corgi:https://registry.npmjs.org/esbuild cache-miss
31 http fetch GET 200 https://registry.npmjs.org/esbuild 154ms (cache miss)
32 silly packumentCache corgi:https://registry.npmjs.org/esbuild set size:undefined disposed:false
33 silly packumentCache corgi:https://registry.npmjs.org/vite cache-miss
34 http fetch GET 200 https://registry.npmjs.org/vite 227ms (cache miss)
35 silly packumentCache corgi:https://registry.npmjs.org/vite set size:undefined disposed:false
36 silly packumentCache corgi:https://registry.npmjs.org/@vitejs%2fplugin-react cache-miss
37 http fetch GET 200 https://registry.npmjs.org/@vitejs%2fplugin-react 80ms (cache miss)
38 silly packumentCache corgi:https://registry.npmjs.org/@vitejs%2fplugin-react set size:undefined disposed:false
39 http fetch GET 200 https://registry.npmjs.org/react-icons/-/react-icons-5.5.0.tgz 4486ms (cache miss)
40 silly ADD node_modules/react-icons
41 verbose cwd /Users/srinivasch/Downloads/code-test-main/frontend/frontend_quickmark_admin
42 verbose os Darwin 24.3.0
43 verbose node v24.1.0
44 verbose npm  v11.4.1
45 verbose exit 0
46 info ok
